<?xml version="1.0" encoding="UTF-8"?>
<!-- Generated by org.testng.reporters.JUnitXMLReporter -->
<testsuite ignored="0" hostname="Jijos-Air.lan" failures="0" tests="3" name="TestClassAdminLogin" time="148.295" errors="0" timestamp="2022-03-20T12:02:04 GST">
  <testcase classname="com.TrainerManagementSystem.scripts.TestClassAdminLogin" name="VerifyAdminLoginTCB2G70025" time="35.405"/>
  <testcase classname="com.TrainerManagementSystem.scripts.TestClassAdminLogin" name="VerifyLoginWithInvaidDatasTCB2G70026" time="35.042"/>
  <testcase classname="com.TrainerManagementSystem.scripts.TestClassAdminLogin" name="LoginWithNodataTCB2G70029" time="34.397"/>
</testsuite> <!-- TestClassAdminLogin -->
