<?xml version="1.0" encoding="UTF-8"?>
<!-- Generated by org.testng.reporters.JUnitXMLReporter -->
<testsuite ignored="0" hostname="Jijos-Air.lan" failures="0" tests="8" name="TestClassAllocateTrainer" time="67.54" errors="0" timestamp="2022-03-20T12:03:11 GST">
  <testcase classname="com.TrainerManagementSystem.scripts.TestClassAllocateTrainer" name="VerifyAllocateButtonTCB2G70043" time="5.7"/>
  <testcase classname="com.TrainerManagementSystem.scripts.TestClassAllocateTrainer" name="VerifyAllocateTrainerPageTCB2G70044" time="0.147"/>
  <testcase classname="com.TrainerManagementSystem.scripts.TestClassAllocateTrainer" name="VerifyAllocateTrainerPageCourseTCB2G70045" time="0.86"/>
  <testcase classname="com.TrainerManagementSystem.scripts.TestClassAllocateTrainer" name="VerifyAllocateTrainerPageBatchIDTCB2G70046" time="0.554"/>
  <testcase classname="com.TrainerManagementSystem.scripts.TestClassAllocateTrainer" name="VerifyAllocateTrainerPageTimeTCB2G70047A" time="0.177"/>
  <testcase classname="com.TrainerManagementSystem.scripts.TestClassAllocateTrainer" name="VerifyAllocateTrainerPageTime2TCB2G70047B" time="0.296"/>
  <testcase classname="com.TrainerManagementSystem.scripts.TestClassAllocateTrainer" name="VerifyAllocateTrainerPageStartAndEndDateTCB2G70048" time="0.469"/>
  <testcase classname="com.TrainerManagementSystem.scripts.TestClassAllocateTrainer" name="VerifyAllocateTrainerPageMeetingLinkTCB2G70049" time="7.68"/>
</testsuite> <!-- TestClassAllocateTrainer -->
