<?xml version="1.0" encoding="UTF-8"?>
<!-- Generated by org.testng.reporters.JUnitXMLReporter -->
<testsuite ignored="0" hostname="Jijos-Air.lan" failures="0" tests="6" name="TestClassViewAllocation" time="162.663" errors="0" timestamp="2022-03-20T12:05:54 GST">
  <testcase classname="com.TrainerManagementSystem.scripts.TestClassViewAllocation" name="VerifyAlbhaTCB2G70051" time="2.019"/>
  <testcase classname="com.TrainerManagementSystem.scripts.TestClassViewAllocation" name="VerifyNumTCB2G70052" time="44.456"/>
  <testcase classname="com.TrainerManagementSystem.scripts.TestClassViewAllocation" name="VerifyCharTCB2G70053" time="37.915"/>
  <testcase classname="com.TrainerManagementSystem.scripts.TestClassViewAllocation" name="VerifyDataTCB2G70054" time="35.631"/>
  <testcase classname="com.TrainerManagementSystem.scripts.TestClassViewAllocation" name="VerifyScrollingUsingMouseTCB2G70055" time="0.457"/>
  <testcase classname="com.TrainerManagementSystem.scripts.TestClassViewAllocation" name="VerifyScrollingUsingKeyboardTCB2G70056" time="0.985"/>
</testsuite> <!-- TestClassViewAllocation -->
