<?xml version="1.0" encoding="UTF-8"?>
<!-- Generated by org.testng.reporters.JUnitXMLReporter -->
<testsuite ignored="0" hostname="Jijos-Air.lan" failures="0" tests="3" name="TestClassHomePageLinks" time="51.227" errors="0" timestamp="2022-03-20T11:59:36 GST">
  <testcase classname="com.TrainerManagementSystem.scripts.TestClassHomePageLinks" name="CheckPageTitleTCB2G70001" time="0.016"/>
  <testcase classname="com.TrainerManagementSystem.scripts.TestClassHomePageLinks" name="NavigateToLoginPageTCB2G70003" time="0.423"/>
  <testcase classname="com.TrainerManagementSystem.scripts.TestClassHomePageLinks" name="NavigateToSignupPageTCB2G70004" time="1.142"/>
</testsuite> <!-- TestClassHomePageLinks -->
