<?xml version="1.0" encoding="UTF-8"?>
<!-- Generated by org.testng.reporters.JUnitXMLReporter -->
<testsuite ignored="0" hostname="Jijos-Air.lan" failures="0" tests="3" name="TestClassAllocate" time="120.954" errors="0" timestamp="2022-03-20T12:03:32 GST">
  <testcase classname="com.TrainerManagementSystem.scripts.TestClassAllocate" name="VerifySearchBoxTCB2G70039" time="33.84"/>
  <testcase classname="com.TrainerManagementSystem.scripts.TestClassAllocate" name="VerifySearchDetailsTCB2G70040" time="0.261"/>
  <testcase classname="com.TrainerManagementSystem.scripts.TestClassAllocate" name="VerifySearchDetailsbyIdTCB2G70042" time="0.246"/>
</testsuite> <!-- TestClassAllocate -->
