<?xml version="1.0" encoding="UTF-8"?>
<!-- Generated by org.testng.reporters.JUnitXMLReporter -->
<testsuite ignored="0" hostname="Jijos-Air.lan" failures="0" tests="6" name="TestClassTrainerLogin" time="93.859" errors="0" timestamp="2022-03-20T12:06:18 GST">
  <testcase classname="com.TrainerManagementSystem.scripts.TestClassTrainerLogin" name="DisplayFooterTCB2G70067" time="1.362"/>
  <testcase classname="com.TrainerManagementSystem.scripts.TestClassTrainerLogin" name="LoginWithNoDataTCB2G70063" time="2.883"/>
  <testcase classname="com.TrainerManagementSystem.scripts.TestClassTrainerLogin" name="NavigateToSignupPageTCB2G70066" time="2.169"/>
  <testcase classname="com.TrainerManagementSystem.scripts.TestClassTrainerLogin" name="NavigateToHomePageTCB2G70065" time="35.773"/>
  <testcase classname="com.TrainerManagementSystem.scripts.TestClassTrainerLogin" name="InvalidLoginCredentialsTCB2G70060" time="5.874"/>
  <testcase classname="com.TrainerManagementSystem.scripts.TestClassTrainerLogin" name="LoginWithValidCredentialsTCB2G70062" time="2.148"/>
</testsuite> <!-- TestClassTrainerLogin -->
