<?xml version="1.0" encoding="UTF-8"?>
<!-- Generated by org.testng.reporters.JUnitXMLReporter -->
<testsuite ignored="0" hostname="Jijos-Air.lan" failures="0" tests="2" name="TestClassTrainerLogout" time="52.648" errors="0" timestamp="2022-03-20T12:07:11 GST">
  <testcase classname="com.TrainerManagementSystem.scripts.TestClassTrainerLogout" name="VerifyTrainerLogoutTCB2G70082" time="1.648"/>
  <testcase classname="com.TrainerManagementSystem.scripts.TestClassTrainerLogout" name="VerifyTrainerLoginAfterLoginTCB2G70085" time="1.791"/>
</testsuite> <!-- TestClassTrainerLogout -->
